\BOOKMARK [0][-]{chapter.1}{Introduction}{}% 1
\BOOKMARK [1][-]{section.1.1}{Thesis\040objective\040and\040approach}{chapter.1}% 2
\BOOKMARK [1][-]{section.1.2}{Chapter\040outline}{chapter.1}% 3
\BOOKMARK [0][-]{chapter.2}{State\040of\040the\040art}{}% 4
\BOOKMARK [1][-]{section.2.1}{Technologies}{chapter.2}% 5
\BOOKMARK [1][-]{section.2.2}{Opinion\040mining}{chapter.2}% 6
\BOOKMARK [2][-]{subsection.2.2.1}{Current\040situation}{section.2.2}% 7
\BOOKMARK [2][-]{subsection.2.2.2}{Improvements\040and\040additions}{section.2.2}% 8
\BOOKMARK [1][-]{section.2.3}{Twitter\040influencers}{chapter.2}% 9
\BOOKMARK [2][-]{subsection.2.3.1}{Current\040situation}{section.2.3}% 10
\BOOKMARK [2][-]{subsection.2.3.2}{Improvements\040and\040additions}{section.2.3}% 11
\BOOKMARK [1][-]{section.2.4}{Expert\040Finding}{chapter.2}% 12
\BOOKMARK [2][-]{subsection.2.4.1}{Current\040situation}{section.2.4}% 13
\BOOKMARK [2][-]{subsection.2.4.2}{Improvements\040and\040additions}{section.2.4}% 14
\BOOKMARK [0][-]{chapter.3}{The\040framework}{}% 15
\BOOKMARK [1][-]{section.3.1}{Main\040Scenario}{chapter.3}% 16
\BOOKMARK [1][-]{section.3.2}{Features}{chapter.3}% 17
\BOOKMARK [2][-]{subsection.3.2.1}{Information\040extraction}{section.3.2}% 18
\BOOKMARK [2][-]{subsection.3.2.2}{Categorization}{section.3.2}% 19
\BOOKMARK [2][-]{subsection.3.2.3}{Disambiguation}{section.3.2}% 20
\BOOKMARK [2][-]{subsection.3.2.4}{Dynamic}{section.3.2}% 21
\BOOKMARK [1][-]{section.3.3}{Architecture}{chapter.3}% 22
\BOOKMARK [2][-]{subsection.3.3.1}{Iteration\040Manager}{section.3.3}% 23
\BOOKMARK [2][-]{subsection.3.3.2}{Data\040Collector}{section.3.3}% 24
\BOOKMARK [2][-]{subsection.3.3.3}{Source\040Generator}{section.3.3}% 25
\BOOKMARK [2][-]{subsection.3.3.4}{Category\040Builder}{section.3.3}% 26
\BOOKMARK [2][-]{subsection.3.3.5}{Disambiguator}{section.3.3}% 27
\BOOKMARK [2][-]{subsection.3.3.6}{Data\040Merger}{section.3.3}% 28
\BOOKMARK [0][-]{chapter.4}{Theoretical\040Model}{}% 29
\BOOKMARK [1][-]{section.4.1}{Graph\040as\040a\040model}{chapter.4}% 30
\BOOKMARK [1][-]{section.4.2}{Three\040Layer\040Model:\040Structural\040Layer}{chapter.4}% 31
\BOOKMARK [2][-]{subsection.4.2.1}{Instances\040and\040Authors}{section.4.2}% 32
\BOOKMARK [2][-]{subsection.4.2.2}{Problem\040Domain}{section.4.2}% 33
\BOOKMARK [2][-]{subsection.4.2.3}{Name\040Notations}{section.4.2}% 34
\BOOKMARK [2][-]{subsection.4.2.4}{Conclusion\040and\040Overview}{section.4.2}% 35
\BOOKMARK [1][-]{section.4.3}{Three\040Layer\040Model:\040Information\040Layer}{chapter.4}% 36
\BOOKMARK [1][-]{section.4.4}{Three\040Layer\040Model:\040Similarity\040Layer}{chapter.4}% 37
\BOOKMARK [1][-]{section.4.5}{Rules}{chapter.4}% 38
\BOOKMARK [2][-]{subsection.4.5.1}{Community\040Rule}{section.4.5}% 39
\BOOKMARK [2][-]{subsection.4.5.2}{Interest\040Rule}{section.4.5}% 40
\BOOKMARK [2][-]{subsection.4.5.3}{Email\040Rule}{section.4.5}% 41
\BOOKMARK [2][-]{subsection.4.5.4}{Affiliation\040Rule}{section.4.5}% 42
\BOOKMARK [1][-]{section.4.6}{Conclusion}{chapter.4}% 43
\BOOKMARK [0][-]{chapter.5}{Clustering\040algorithm}{}% 44
\BOOKMARK [1][-]{section.5.1}{Minimum-cut\040tree\040algorithm}{chapter.5}% 45
\BOOKMARK [1][-]{section.5.2}{Cut\040clustering}{chapter.5}% 46
\BOOKMARK [2][-]{subsection.5.2.1}{Intra-cluster\040edge\040addition}{section.5.2}% 47
\BOOKMARK [2][-]{subsection.5.2.2}{Inter-cluster\040edge\040addition}{section.5.2}% 48
\BOOKMARK [0][-]{chapter.6}{Framework\040evaluation\040and\040results}{}% 49
\BOOKMARK [1][-]{section.6.1}{Evaluation\040setup}{chapter.6}% 50
\BOOKMARK [0][-]{chapter.7}{Conclusion\040and\040future\040work}{}% 51
