\BOOKMARK [0][-]{chapter.1}{Framework:\040Pipes\040and\040Filters}{}% 1
\BOOKMARK [1][-]{section.1.1}{Small\040and\040Simple\040Core}{chapter.1}% 2
\BOOKMARK [2][-]{subsection.1.1.1}{Architecture}{section.1.1}% 3
\BOOKMARK [2][-]{subsection.1.1.2}{Concepts,\040Terminology\040and\040Notations}{section.1.1}% 4
\BOOKMARK [2][-]{subsection.1.1.3}{Core\040Extensions}{section.1.1}% 5
\BOOKMARK [2][-]{subsection.1.1.4}{Implementation\040details\040and\040Technologies}{section.1.1}% 6
\BOOKMARK [1][-]{section.1.2}{Generally\040Useful\040Pipes}{chapter.1}% 7
\BOOKMARK [1][-]{section.1.3}{Working\040Towards\040a\040Contextual\040System}{chapter.1}% 8
\BOOKMARK [2][-]{subsection.1.3.1}{Flow\040Types}{section.1.3}% 9
\BOOKMARK [2][-]{subsection.1.3.2}{Implementation\040details\040and\040Technologies}{section.1.3}% 10
\BOOKMARK [1][-]{section.1.4}{Helper\040Modules}{chapter.1}% 11
\BOOKMARK [2][-]{subsection.1.4.1}{Locking}{section.1.4}% 12
\BOOKMARK [1][-]{section.1.5}{Pipe\040Configuration}{chapter.1}% 13
\BOOKMARK [2][-]{subsection.1.5.1}{Instance\040Integration}{section.1.5}% 14
\BOOKMARK [2][-]{subsection.1.5.2}{Magic\040Facts}{section.1.5}% 15
\BOOKMARK [2][-]{subsection.1.5.3}{Publications}{section.1.5}% 16
\BOOKMARK [2][-]{subsection.1.5.4}{Rules}{section.1.5}% 17
\BOOKMARK [1][-]{section.1.6}{Inside\040the\040Pipes}{chapter.1}% 18
\BOOKMARK [2][-]{subsection.1.6.1}{Dependency\040Resolution}{section.1.6}% 19
\BOOKMARK [2][-]{subsection.1.6.2}{Concurrent,\040incremental\040Clustering}{section.1.6}% 20
\BOOKMARK [2][-]{subsection.1.6.3}{Assignment\040of\040e-mail\040addresses}{section.1.6}% 21
