\BOOKMARK [0][-]{chapter.1}{State\040of\040the\040art}{}% 1
\BOOKMARK [1][-]{section.1.1}{Technologies}{chapter.1}% 2
\BOOKMARK [2][-]{subsection.1.1.1}{Web\040scraping}{section.1.1}% 3
\BOOKMARK [2][-]{subsection.1.1.2}{OWL}{section.1.1}% 4
\BOOKMARK [2][-]{subsection.1.1.3}{FOAF}{section.1.1}% 5
\BOOKMARK [2][-]{subsection.1.1.4}{Stemming}{section.1.1}% 6
\BOOKMARK [2][-]{subsection.1.1.5}{Clustering}{section.1.1}% 7
\BOOKMARK [2][-]{subsection.1.1.6}{Machine\040learning}{section.1.1}% 8
\BOOKMARK [2][-]{subsection.1.1.7}{Forward\040Chaining}{section.1.1}% 9
\BOOKMARK [2][-]{subsection.1.1.8}{String\040matching}{section.1.1}% 10
\BOOKMARK [2][-]{subsection.1.1.9}{Part-Of-Speech\040Tagger}{section.1.1}% 11
\BOOKMARK [2][-]{subsection.1.1.10}{Graph\040representation}{section.1.1}% 12
\BOOKMARK [1][-]{section.1.2}{Opinion\040mining}{chapter.1}% 13
\BOOKMARK [2][-]{subsection.1.2.1}{Introduction}{section.1.2}% 14
\BOOKMARK [2][-]{subsection.1.2.2}{Current\040situation}{section.1.2}% 15
\BOOKMARK [2][-]{subsection.1.2.3}{Improvements\040and\040additions}{section.1.2}% 16
\BOOKMARK [1][-]{section.1.3}{Twitter\040influencers}{chapter.1}% 17
\BOOKMARK [2][-]{subsection.1.3.1}{Introduction}{section.1.3}% 18
\BOOKMARK [2][-]{subsection.1.3.2}{Current\040situation}{section.1.3}% 19
\BOOKMARK [2][-]{subsection.1.3.3}{Improvements\040and\040additions}{section.1.3}% 20
\BOOKMARK [1][-]{section.1.4}{Expert\040Finding}{chapter.1}% 21
\BOOKMARK [2][-]{subsection.1.4.1}{Introduction}{section.1.4}% 22
\BOOKMARK [2][-]{subsection.1.4.2}{Current\040situation}{section.1.4}% 23
\BOOKMARK [2][-]{subsection.1.4.3}{Improvements\040and\040additions}{section.1.4}% 24
